<?xml version="1.0" encoding="UTF-8"?>
<!-- Generated by org.testng.reporters.JUnitReportReporter -->
<testsuite skipped="0" hostname="DESKTOP-FA670DI" name="com.mooc.httpclient.cookie.MyCookiesForGet" tests="1" failures="0" timestamp="2019-09-05T17:18:32 CST" time="2.023" errors="0">
  <testcase name="testGetCookie" time="2.023" classname="com.mooc.httpclient.cookie.MyCookiesForGet"/>
</testsuite> <!-- com.mooc.httpclient.cookie.MyCookiesForGet -->
