<?xml version="1.0" encoding="UTF-8"?>
<!-- Generated by org.testng.reporters.JUnitReportReporter -->
<testsuite skipped="0" hostname="DESKTOP-FA670DI" name="com.mooc.httpclient.cookie.MyCookiesForPost" tests="2" failures="0" timestamp="2019-09-05T17:27:17 CST" time="1.464" errors="0">
  <testcase name="testPostMethod" time="0.026" classname="com.mooc.httpclient.cookie.MyCookiesForPost"/>
  <testcase name="testGetCookie" time="1.438" classname="com.mooc.httpclient.cookie.MyCookiesForPost"/>
</testsuite> <!-- com.mooc.httpclient.cookie.MyCookiesForPost -->
