<?xml version="1.0" encoding="UTF-8"?>
<!-- Generated by org.testng.reporters.JUnitReportReporter -->
<testsuite skipped="0" hostname="DESKTOP-FA670DI" name="com.mooc.testng.BasicAnnotation" tests="2" failures="0" timestamp="2019-09-05T17:18:13 CST" time="0.012" errors="0">
  <testcase name="testCase01" time="0.010" classname="com.mooc.testng.BasicAnnotation"/>
  <testcase name="testCase02" time="0.002" classname="com.mooc.testng.BasicAnnotation"/>
</testsuite> <!-- com.mooc.testng.BasicAnnotation -->
